{
  "/Users/nicolasoulikhanow/Library/Mobile Documents/com~apple~CloudDocs/Formations/OpenClassrooms/Formation dev java/Projet 5/Testez-une-application-full-stack/front/src/polyfills.ts": {
    "path": "/Users/nicolasoulikhanow/Library/Mobile Documents/com~apple~CloudDocs/Formations/OpenClassrooms/Formation dev java/Projet 5/Testez-une-application-full-stack/front/src/polyfills.ts",
    "statementMap": {},
    "fnMap": {},
    "branchMap": {},
    "s": {},
    "f": {},
    "b": {},
    "inputSourceMap": {
      "version": 3,
      "mappings": "AAAA;;;;;;;;;;;;;;;;AAgBA;;;;AAIA;;;;;;;;;;;;;;;;;;;;;;;;AAwBA;;;AAGA,OAAO,SAAP,C,CAAmB;;AAGnB",
      "names": [],
      "sourceRoot": "",
      "sources": [
        "/Users/nicolasoulikhanow/Library/Mobile Documents/com~apple~CloudDocs/Formations/OpenClassrooms/Formation dev java/Projet 5/Testez-une-application-full-stack/front/src/polyfills.ts"
      ],
      "sourcesContent": [
        "/**\n * This file includes polyfills needed by Angular and is loaded before the app.\n * You can add your own extra polyfills to this file.\n *\n * This file is divided into 2 sections:\n *   1. Browser polyfills. These are applied before loading ZoneJS and are sorted by browsers.\n *   2. Application imports. Files imported after ZoneJS that should be loaded before your main\n *      file.\n *\n * The current setup is for so-called \"evergreen\" browsers; the last versions of browsers that\n * automatically update themselves. This includes recent versions of Safari, Chrome (including\n * Opera), Edge on the desktop, and iOS and Chrome on mobile.\n *\n * Learn more in https://angular.io/guide/browser-support\n */\n\n/***************************************************************************************************\n * BROWSER POLYFILLS\n */\n\n/**\n * By default, zone.js will patch all possible macroTask and DomEvents\n * user can disable parts of macroTask/DomEvents patch by setting following flags\n * because those flags need to be set before `zone.js` being loaded, and webpack\n * will put import in the top of bundle, so user need to create a separate file\n * in this directory (for example: zone-flags.ts), and put the following flags\n * into that file, and then add the following code before importing zone.js.\n * import './zone-flags';\n *\n * The flags allowed in zone-flags.ts are listed here.\n *\n * The following flags will work for all browsers.\n *\n * (window as any).__Zone_disable_requestAnimationFrame = true; // disable patch requestAnimationFrame\n * (window as any).__Zone_disable_on_property = true; // disable patch onProperty such as onclick\n * (window as any).__zone_symbol__UNPATCHED_EVENTS = ['scroll', 'mousemove']; // disable patch specified eventNames\n *\n *  in IE/Edge developer tools, the addEventListener will also be wrapped by zone.js\n *  with the following flag, it will bypass `zone.js` patch for IE/Edge\n *\n *  (window as any).__Zone_enable_cross_context_check = true;\n *\n */\n\n/***************************************************************************************************\n * Zone JS is required by default for Angular itself.\n */\nimport 'zone.js';  // Included with Angular CLI.\n\n\n/***************************************************************************************************\n * APPLICATION IMPORTS\n */\n"
      ]
    },
    "_coverageSchema": "1a1c01bbd47fc00a2c39e90264f33305004495a9",
    "hash": "f1643859c3433a5773272720e2cbc3ab2ab3e6e6"
  },
  "/Users/nicolasoulikhanow/Library/Mobile Documents/com~apple~CloudDocs/Formations/OpenClassrooms/Formation dev java/Projet 5/Testez-une-application-full-stack/front/src/app/services/session.service.ts": {
    "path": "/Users/nicolasoulikhanow/Library/Mobile Documents/com~apple~CloudDocs/Formations/OpenClassrooms/Formation dev java/Projet 5/Testez-une-application-full-stack/front/src/app/services/session.service.ts",
    "statementMap": {
      "0": {
        "start": {
          "line": 3,
          "column": 41
        },
        "end": {
          "line": 42,
          "column": 4
        }
      },
      "1": {
        "start": {
          "line": 6,
          "column": 6
        },
        "end": {
          "line": 6,
          "column": 28
        }
      },
      "2": {
        "start": {
          "line": 7,
          "column": 6
        },
        "end": {
          "line": 7,
          "column": 64
        }
      },
      "3": {
        "start": {
          "line": 11,
          "column": 6
        },
        "end": {
          "line": 11,
          "column": 49
        }
      },
      "4": {
        "start": {
          "line": 15,
          "column": 6
        },
        "end": {
          "line": 15,
          "column": 37
        }
      },
      "5": {
        "start": {
          "line": 16,
          "column": 6
        },
        "end": {
          "line": 16,
          "column": 27
        }
      },
      "6": {
        "start": {
          "line": 17,
          "column": 6
        },
        "end": {
          "line": 17,
          "column": 18
        }
      },
      "7": {
        "start": {
          "line": 21,
          "column": 6
        },
        "end": {
          "line": 21,
          "column": 42
        }
      },
      "8": {
        "start": {
          "line": 22,
          "column": 6
        },
        "end": {
          "line": 22,
          "column": 28
        }
      },
      "9": {
        "start": {
          "line": 23,
          "column": 6
        },
        "end": {
          "line": 23,
          "column": 18
        }
      },
      "10": {
        "start": {
          "line": 27,
          "column": 6
        },
        "end": {
          "line": 27,
          "column": 47
        }
      },
      "11": {
        "start": {
          "line": 32,
          "column": 2
        },
        "end": {
          "line": 34,
          "column": 4
        }
      },
      "12": {
        "start": {
          "line": 33,
          "column": 4
        },
        "end": {
          "line": 33,
          "column": 39
        }
      },
      "13": {
        "start": {
          "line": 36,
          "column": 2
        },
        "end": {
          "line": 40,
          "column": 5
        }
      },
      "14": {
        "start": {
          "line": 41,
          "column": 2
        },
        "end": {
          "line": 41,
          "column": 24
        }
      }
    },
    "fnMap": {
      "0": {
        "name": "(anonymous_0)",
        "decl": {
          "start": {
            "line": 3,
            "column": 42
          },
          "end": {
            "line": 3,
            "column": 43
          }
        },
        "loc": {
          "start": {
            "line": 3,
            "column": 48
          },
          "end": {
            "line": 42,
            "column": 1
          }
        },
        "line": 3
      },
      "1": {
        "name": "(anonymous_1)",
        "decl": {
          "start": {
            "line": 5,
            "column": 4
          },
          "end": {
            "line": 5,
            "column": 5
          }
        },
        "loc": {
          "start": {
            "line": 5,
            "column": 18
          },
          "end": {
            "line": 8,
            "column": 5
          }
        },
        "line": 5
      },
      "2": {
        "name": "(anonymous_2)",
        "decl": {
          "start": {
            "line": 10,
            "column": 4
          },
          "end": {
            "line": 10,
            "column": 5
          }
        },
        "loc": {
          "start": {
            "line": 10,
            "column": 16
          },
          "end": {
            "line": 12,
            "column": 5
          }
        },
        "line": 10
      },
      "3": {
        "name": "(anonymous_3)",
        "decl": {
          "start": {
            "line": 14,
            "column": 4
          },
          "end": {
            "line": 14,
            "column": 5
          }
        },
        "loc": {
          "start": {
            "line": 14,
            "column": 16
          },
          "end": {
            "line": 18,
            "column": 5
          }
        },
        "line": 14
      },
      "4": {
        "name": "(anonymous_4)",
        "decl": {
          "start": {
            "line": 20,
            "column": 4
          },
          "end": {
            "line": 20,
            "column": 5
          }
        },
        "loc": {
          "start": {
            "line": 20,
            "column": 13
          },
          "end": {
            "line": 24,
            "column": 5
          }
        },
        "line": 20
      },
      "5": {
        "name": "(anonymous_5)",
        "decl": {
          "start": {
            "line": 26,
            "column": 4
          },
          "end": {
            "line": 26,
            "column": 5
          }
        },
        "loc": {
          "start": {
            "line": 26,
            "column": 11
          },
          "end": {
            "line": 28,
            "column": 5
          }
        },
        "line": 26
      },
      "6": {
        "name": "SessionService_Factory",
        "decl": {
          "start": {
            "line": 32,
            "column": 33
          },
          "end": {
            "line": 32,
            "column": 55
          }
        },
        "loc": {
          "start": {
            "line": 32,
            "column": 59
          },
          "end": {
            "line": 34,
            "column": 3
          }
        },
        "line": 32
      }
    },
    "branchMap": {
      "0": {
        "loc": {
          "start": {
            "line": 33,
            "column": 16
          },
          "end": {
            "line": 33,
            "column": 35
          }
        },
        "type": "binary-expr",
        "locations": [
          {
            "start": {
              "line": 33,
              "column": 16
            },
            "end": {
              "line": 33,
              "column": 17
            }
          },
          {
            "start": {
              "line": 33,
              "column": 21
            },
            "end": {
              "line": 33,
              "column": 35
            }
          }
        ],
        "line": 33
      }
    },
    "s": {
      "0": 30,
      "1": 30,
      "2": 30,
      "3": 1899,
      "4": 20,
      "5": 20,
      "6": 20,
      "7": 2,
      "8": 2,
      "9": 2,
      "10": 22,
      "11": 30,
      "12": 30,
      "13": 30,
      "14": 30
    },
    "f": {
      "0": 30,
      "1": 30,
      "2": 1899,
      "3": 20,
      "4": 2,
      "5": 22,
      "6": 30
    },
    "b": {
      "0": [
        30,
        30
      ]
    },
    "inputSourceMap": {
      "version": 3,
      "mappings": "AACA,SAASA,eAAT,QAA4C,MAA5C;;AAMA,WAAaC,cAAb;EAAM,MAAOA,cAAP,CAAqB;IAH3BC;MAKS,gBAAW,KAAX;MAGC,uBAAkB,IAAIF,eAAJ,CAA6B,KAAKG,QAAlC,CAAlB;IAqBT;;IAnBQC,SAAS;MACd,OAAO,KAAKC,eAAL,CAAqBC,YAArB,EAAP;IACD;;IAEMC,KAAK,CAACC,IAAD,EAAyB;MACnC,KAAKC,kBAAL,GAA0BD,IAA1B;MACA,KAAKL,QAAL,GAAgB,IAAhB;MACA,KAAKO,IAAL;IACD;;IAEMC,MAAM;MACX,KAAKF,kBAAL,GAA0BG,SAA1B;MACA,KAAKT,QAAL,GAAgB,KAAhB;MACA,KAAKO,IAAL;IACD;;IAEOA,IAAI;MACV,KAAKL,eAAL,CAAqBK,IAArB,CAA0B,KAAKP,QAA/B;IACD;;EAzBwB;;;qBAAdF;EAAc;;;WAAdA;IAAcY,SAAdZ,cAAc;IAAAa,YAFb;;EAEd,OAAab,cAAb;AAAA",
      "names": [
        "BehaviorSubject",
        "SessionService",
        "constructor",
        "isLogged",
        "$isLogged",
        "isLoggedSubject",
        "asObservable",
        "logIn",
        "user",
        "sessionInformation",
        "next",
        "logOut",
        "undefined",
        "factory",
        "providedIn"
      ],
      "sourceRoot": "",
      "sources": [
        "/Users/nicolasoulikhanow/Library/Mobile Documents/com~apple~CloudDocs/Formations/OpenClassrooms/Formation dev java/Projet 5/Testez-une-application-full-stack/front/src/app/services/session.service.ts"
      ],
      "sourcesContent": [
        "import { Injectable } from '@angular/core';\nimport { BehaviorSubject, Observable } from 'rxjs';\nimport { SessionInformation } from '../interfaces/sessionInformation.interface';\n\n@Injectable({\n  providedIn: 'root'\n})\nexport class SessionService {\n\n  public isLogged = false;\n  public sessionInformation: SessionInformation | undefined;\n\n  private isLoggedSubject = new BehaviorSubject<boolean>(this.isLogged);\n\n  public $isLogged(): Observable<boolean> {\n    return this.isLoggedSubject.asObservable();\n  }\n\n  public logIn(user: SessionInformation): void {\n    this.sessionInformation = user;\n    this.isLogged = true;\n    this.next();\n  }\n\n  public logOut(): void {\n    this.sessionInformation = undefined;\n    this.isLogged = false;\n    this.next();\n  }\n\n  private next(): void {\n    this.isLoggedSubject.next(this.isLogged);\n  }\n}\n"
      ]
    },
    "_coverageSchema": "1a1c01bbd47fc00a2c39e90264f33305004495a9",
    "hash": "a17b83f60ae3ae471a2dcf910afe25957183e9a9"
  },
  "/Users/nicolasoulikhanow/Library/Mobile Documents/com~apple~CloudDocs/Formations/OpenClassrooms/Formation dev java/Projet 5/Testez-une-application-full-stack/front/src/app/services/user.service.ts": {
    "path": "/Users/nicolasoulikhanow/Library/Mobile Documents/com~apple~CloudDocs/Formations/OpenClassrooms/Formation dev java/Projet 5/Testez-une-application-full-stack/front/src/app/services/user.service.ts",
    "statementMap": {
      "0": {
        "start": {
          "line": 3,
          "column": 38
        },
        "end": {
          "line": 30,
          "column": 4
        }
      },
      "1": {
        "start": {
          "line": 6,
          "column": 6
        },
        "end": {
          "line": 6,
          "column": 35
        }
      },
      "2": {
        "start": {
          "line": 7,
          "column": 6
        },
        "end": {
          "line": 7,
          "column": 36
        }
      },
      "3": {
        "start": {
          "line": 11,
          "column": 6
        },
        "end": {
          "line": 11,
          "column": 62
        }
      },
      "4": {
        "start": {
          "line": 15,
          "column": 6
        },
        "end": {
          "line": 15,
          "column": 65
        }
      },
      "5": {
        "start": {
          "line": 20,
          "column": 2
        },
        "end": {
          "line": 22,
          "column": 4
        }
      },
      "6": {
        "start": {
          "line": 21,
          "column": 4
        },
        "end": {
          "line": 21,
          "column": 62
        }
      },
      "7": {
        "start": {
          "line": 24,
          "column": 2
        },
        "end": {
          "line": 28,
          "column": 5
        }
      },
      "8": {
        "start": {
          "line": 29,
          "column": 2
        },
        "end": {
          "line": 29,
          "column": 21
        }
      }
    },
    "fnMap": {
      "0": {
        "name": "(anonymous_0)",
        "decl": {
          "start": {
            "line": 3,
            "column": 39
          },
          "end": {
            "line": 3,
            "column": 40
          }
        },
        "loc": {
          "start": {
            "line": 3,
            "column": 45
          },
          "end": {
            "line": 30,
            "column": 1
          }
        },
        "line": 3
      },
      "1": {
        "name": "(anonymous_1)",
        "decl": {
          "start": {
            "line": 5,
            "column": 4
          },
          "end": {
            "line": 5,
            "column": 5
          }
        },
        "loc": {
          "start": {
            "line": 5,
            "column": 28
          },
          "end": {
            "line": 8,
            "column": 5
          }
        },
        "line": 5
      },
      "2": {
        "name": "(anonymous_2)",
        "decl": {
          "start": {
            "line": 10,
            "column": 4
          },
          "end": {
            "line": 10,
            "column": 5
          }
        },
        "loc": {
          "start": {
            "line": 10,
            "column": 16
          },
          "end": {
            "line": 12,
            "column": 5
          }
        },
        "line": 10
      },
      "3": {
        "name": "(anonymous_3)",
        "decl": {
          "start": {
            "line": 14,
            "column": 4
          },
          "end": {
            "line": 14,
            "column": 5
          }
        },
        "loc": {
          "start": {
            "line": 14,
            "column": 15
          },
          "end": {
            "line": 16,
            "column": 5
          }
        },
        "line": 14
      },
      "4": {
        "name": "UserService_Factory",
        "decl": {
          "start": {
            "line": 20,
            "column": 30
          },
          "end": {
            "line": 20,
            "column": 49
          }
        },
        "loc": {
          "start": {
            "line": 20,
            "column": 53
          },
          "end": {
            "line": 22,
            "column": 3
          }
        },
        "line": 20
      }
    },
    "branchMap": {
      "0": {
        "loc": {
          "start": {
            "line": 21,
            "column": 16
          },
          "end": {
            "line": 21,
            "column": 32
          }
        },
        "type": "binary-expr",
        "locations": [
          {
            "start": {
              "line": 21,
              "column": 16
            },
            "end": {
              "line": 21,
              "column": 17
            }
          },
          {
            "start": {
              "line": 21,
              "column": 21
            },
            "end": {
              "line": 21,
              "column": 32
            }
          }
        ],
        "line": 21
      }
    },
    "s": {
      "0": 30,
      "1": 6,
      "2": 6,
      "3": 6,
      "4": 2,
      "5": 30,
      "6": 6,
      "7": 30,
      "8": 30
    },
    "f": {
      "0": 30,
      "1": 6,
      "2": 6,
      "3": 2,
      "4": 6
    },
    "b": {
      "0": [
        6,
        6
      ]
    },
    "inputSourceMap": {
      "version": 3,
      "mappings": ";;AAQA,WAAaA,WAAb;EAAM,MAAOA,WAAP,CAAkB;IAItBC,YAAoBC,UAApB,EAA0C;MAAtB;MAFZ,mBAAc,UAAd;IAEuC;;IAExCC,OAAO,CAACC,EAAD,EAAW;MACvB,OAAO,KAAKF,UAAL,CAAgBG,GAAhB,CAA0B,GAAG,KAAKC,WAAW,IAAIF,EAAE,EAAnD,CAAP;IACD;;IAEMG,MAAM,CAACH,EAAD,EAAW;MACtB,OAAO,KAAKF,UAAL,CAAgBK,MAAhB,CAAuB,GAAG,KAAKD,WAAW,IAAIF,EAAE,EAAhD,CAAP;IACD;;EAZqB;;;qBAAXJ,aAAWQ;EAAA;;;WAAXR;IAAWS,SAAXT,WAAW;IAAAU,YAFV;;EAEd,OAAaV,WAAb;AAAA",
      "names": [
        "UserService",
        "constructor",
        "httpClient",
        "getById",
        "id",
        "get",
        "pathService",
        "delete",
        "i0",
        "factory",
        "providedIn"
      ],
      "sourceRoot": "",
      "sources": [
        "/Users/nicolasoulikhanow/Library/Mobile Documents/com~apple~CloudDocs/Formations/OpenClassrooms/Formation dev java/Projet 5/Testez-une-application-full-stack/front/src/app/services/user.service.ts"
      ],
      "sourcesContent": [
        "import { HttpClient } from '@angular/common/http';\nimport { Injectable } from '@angular/core';\nimport { Observable } from 'rxjs';\nimport { User } from '../interfaces/user.interface';\n\n@Injectable({\n  providedIn: 'root'\n})\nexport class UserService {\n\n  private pathService = 'api/user';\n\n  constructor(private httpClient: HttpClient) { }\n\n  public getById(id: string): Observable<User> {\n    return this.httpClient.get<User>(`${this.pathService}/${id}`);\n  }\n\n  public delete(id: string): Observable<any> {\n    return this.httpClient.delete(`${this.pathService}/${id}`);\n  }\n}\n"
      ]
    },
    "_coverageSchema": "1a1c01bbd47fc00a2c39e90264f33305004495a9",
    "hash": "b35004d37f01b0e7b0b5294ccfc4be8684d344e7"
  },
  "/Users/nicolasoulikhanow/Library/Mobile Documents/com~apple~CloudDocs/Formations/OpenClassrooms/Formation dev java/Projet 5/Testez-une-application-full-stack/front/src/app/components/me/me.component.ts": {
    "path": "/Users/nicolasoulikhanow/Library/Mobile Documents/com~apple~CloudDocs/Formations/OpenClassrooms/Formation dev java/Projet 5/Testez-une-application-full-stack/front/src/app/components/me/me.component.ts",
    "statementMap": {
      "0": {
        "start": {
          "line": 13,
          "column": 2
        },
        "end": {
          "line": 17,
          "column": 3
        }
      },
      "1": {
        "start": {
          "line": 14,
          "column": 4
        },
        "end": {
          "line": 14,
          "column": 33
        }
      },
      "2": {
        "start": {
          "line": 15,
          "column": 4
        },
        "end": {
          "line": 15,
          "column": 34
        }
      },
      "3": {
        "start": {
          "line": 16,
          "column": 4
        },
        "end": {
          "line": 16,
          "column": 22
        }
      },
      "4": {
        "start": {
          "line": 21,
          "column": 2
        },
        "end": {
          "line": 39,
          "column": 3
        }
      },
      "5": {
        "start": {
          "line": 22,
          "column": 16
        },
        "end": {
          "line": 22,
          "column": 37
        }
      },
      "6": {
        "start": {
          "line": 24,
          "column": 4
        },
        "end": {
          "line": 24,
          "column": 43
        }
      },
      "7": {
        "start": {
          "line": 25,
          "column": 4
        },
        "end": {
          "line": 25,
          "column": 39
        }
      },
      "8": {
        "start": {
          "line": 26,
          "column": 4
        },
        "end": {
          "line": 26,
          "column": 22
        }
      },
      "9": {
        "start": {
          "line": 27,
          "column": 4
        },
        "end": {
          "line": 27,
          "column": 39
        }
      },
      "10": {
        "start": {
          "line": 28,
          "column": 4
        },
        "end": {
          "line": 32,
          "column": 7
        }
      },
      "11": {
        "start": {
          "line": 29,
          "column": 6
        },
        "end": {
          "line": 29,
          "column": 28
        }
      },
      "12": {
        "start": {
          "line": 30,
          "column": 21
        },
        "end": {
          "line": 30,
          "column": 40
        }
      },
      "13": {
        "start": {
          "line": 31,
          "column": 6
        },
        "end": {
          "line": 31,
          "column": 45
        }
      },
      "14": {
        "start": {
          "line": 33,
          "column": 4
        },
        "end": {
          "line": 33,
          "column": 37
        }
      },
      "15": {
        "start": {
          "line": 34,
          "column": 4
        },
        "end": {
          "line": 34,
          "column": 27
        }
      },
      "16": {
        "start": {
          "line": 35,
          "column": 4
        },
        "end": {
          "line": 35,
          "column": 22
        }
      },
      "17": {
        "start": {
          "line": 36,
          "column": 4
        },
        "end": {
          "line": 36,
          "column": 37
        }
      },
      "18": {
        "start": {
          "line": 37,
          "column": 4
        },
        "end": {
          "line": 37,
          "column": 27
        }
      },
      "19": {
        "start": {
          "line": 38,
          "column": 4
        },
        "end": {
          "line": 38,
          "column": 26
        }
      },
      "20": {
        "start": {
          "line": 43,
          "column": 2
        },
        "end": {
          "line": 65,
          "column": 3
        }
      },
      "21": {
        "start": {
          "line": 44,
          "column": 4
        },
        "end": {
          "line": 44,
          "column": 43
        }
      },
      "22": {
        "start": {
          "line": 45,
          "column": 4
        },
        "end": {
          "line": 45,
          "column": 17
        }
      },
      "23": {
        "start": {
          "line": 46,
          "column": 4
        },
        "end": {
          "line": 46,
          "column": 30
        }
      },
      "24": {
        "start": {
          "line": 47,
          "column": 4
        },
        "end": {
          "line": 47,
          "column": 22
        }
      },
      "25": {
        "start": {
          "line": 48,
          "column": 4
        },
        "end": {
          "line": 48,
          "column": 30
        }
      },
      "26": {
        "start": {
          "line": 49,
          "column": 4
        },
        "end": {
          "line": 49,
          "column": 17
        }
      },
      "27": {
        "start": {
          "line": 50,
          "column": 4
        },
        "end": {
          "line": 50,
          "column": 22
        }
      },
      "28": {
        "start": {
          "line": 51,
          "column": 4
        },
        "end": {
          "line": 51,
          "column": 68
        }
      },
      "29": {
        "start": {
          "line": 52,
          "column": 4
        },
        "end": {
          "line": 52,
          "column": 72
        }
      },
      "30": {
        "start": {
          "line": 53,
          "column": 4
        },
        "end": {
          "line": 53,
          "column": 52
        }
      },
      "31": {
        "start": {
          "line": 54,
          "column": 4
        },
        "end": {
          "line": 54,
          "column": 33
        }
      },
      "32": {
        "start": {
          "line": 55,
          "column": 4
        },
        "end": {
          "line": 55,
          "column": 22
        }
      },
      "33": {
        "start": {
          "line": 56,
          "column": 4
        },
        "end": {
          "line": 56,
          "column": 18
        }
      },
      "34": {
        "start": {
          "line": 57,
          "column": 4
        },
        "end": {
          "line": 57,
          "column": 26
        }
      },
      "35": {
        "start": {
          "line": 58,
          "column": 4
        },
        "end": {
          "line": 58,
          "column": 22
        }
      },
      "36": {
        "start": {
          "line": 59,
          "column": 4
        },
        "end": {
          "line": 59,
          "column": 40
        }
      },
      "37": {
        "start": {
          "line": 60,
          "column": 4
        },
        "end": {
          "line": 60,
          "column": 35
        }
      },
      "38": {
        "start": {
          "line": 61,
          "column": 4
        },
        "end": {
          "line": 61,
          "column": 22
        }
      },
      "39": {
        "start": {
          "line": 62,
          "column": 4
        },
        "end": {
          "line": 62,
          "column": 18
        }
      },
      "40": {
        "start": {
          "line": 63,
          "column": 4
        },
        "end": {
          "line": 63,
          "column": 26
        }
      },
      "41": {
        "start": {
          "line": 64,
          "column": 4
        },
        "end": {
          "line": 64,
          "column": 26
        }
      },
      "42": {
        "start": {
          "line": 67,
          "column": 2
        },
        "end": {
          "line": 81,
          "column": 3
        }
      },
      "43": {
        "start": {
          "line": 68,
          "column": 19
        },
        "end": {
          "line": 68,
          "column": 37
        }
      },
      "44": {
        "start": {
          "line": 69,
          "column": 4
        },
        "end": {
          "line": 69,
          "column": 20
        }
      },
      "45": {
        "start": {
          "line": 70,
          "column": 4
        },
        "end": {
          "line": 70,
          "column": 112
        }
      },
      "46": {
        "start": {
          "line": 71,
          "column": 4
        },
        "end": {
          "line": 71,
          "column": 20
        }
      },
      "47": {
        "start": {
          "line": 72,
          "column": 4
        },
        "end": {
          "line": 72,
          "column": 60
        }
      },
      "48": {
        "start": {
          "line": 73,
          "column": 4
        },
        "end": {
          "line": 73,
          "column": 20
        }
      },
      "49": {
        "start": {
          "line": 74,
          "column": 4
        },
        "end": {
          "line": 74,
          "column": 45
        }
      },
      "50": {
        "start": {
          "line": 75,
          "column": 4
        },
        "end": {
          "line": 75,
          "column": 20
        }
      },
      "51": {
        "start": {
          "line": 76,
          "column": 4
        },
        "end": {
          "line": 76,
          "column": 46
        }
      },
      "52": {
        "start": {
          "line": 77,
          "column": 4
        },
        "end": {
          "line": 77,
          "column": 20
        }
      },
      "53": {
        "start": {
          "line": 78,
          "column": 4
        },
        "end": {
          "line": 78,
          "column": 93
        }
      },
      "54": {
        "start": {
          "line": 79,
          "column": 4
        },
        "end": {
          "line": 79,
          "column": 20
        }
      },
      "55": {
        "start": {
          "line": 80,
          "column": 4
        },
        "end": {
          "line": 80,
          "column": 94
        }
      },
      "56": {
        "start": {
          "line": 84,
          "column": 38
        },
        "end": {
          "line": 148,
          "column": 4
        }
      },
      "57": {
        "start": {
          "line": 87,
          "column": 6
        },
        "end": {
          "line": 87,
          "column": 27
        }
      },
      "58": {
        "start": {
          "line": 88,
          "column": 6
        },
        "end": {
          "line": 88,
          "column": 43
        }
      },
      "59": {
        "start": {
          "line": 89,
          "column": 6
        },
        "end": {
          "line": 89,
          "column": 37
        }
      },
      "60": {
        "start": {
          "line": 90,
          "column": 6
        },
        "end": {
          "line": 90,
          "column": 37
        }
      },
      "61": {
        "start": {
          "line": 94,
          "column": 6
        },
        "end": {
          "line": 94,
          "column": 121
        }
      },
      "62": {
        "start": {
          "line": 94,
          "column": 103
        },
        "end": {
          "line": 94,
          "column": 119
        }
      },
      "63": {
        "start": {
          "line": 98,
          "column": 6
        },
        "end": {
          "line": 98,
          "column": 28
        }
      },
      "64": {
        "start": {
          "line": 102,
          "column": 6
        },
        "end": {
          "line": 108,
          "column": 9
        }
      },
      "65": {
        "start": {
          "line": 103,
          "column": 8
        },
        "end": {
          "line": 105,
          "column": 11
        }
      },
      "66": {
        "start": {
          "line": 106,
          "column": 8
        },
        "end": {
          "line": 106,
          "column": 37
        }
      },
      "67": {
        "start": {
          "line": 107,
          "column": 8
        },
        "end": {
          "line": 107,
          "column": 36
        }
      },
      "68": {
        "start": {
          "line": 113,
          "column": 2
        },
        "end": {
          "line": 115,
          "column": 4
        }
      },
      "69": {
        "start": {
          "line": 114,
          "column": 4
        },
        "end": {
          "line": 114,
          "column": 184
        }
      },
      "70": {
        "start": {
          "line": 117,
          "column": 2
        },
        "end": {
          "line": 146,
          "column": 5
        }
      },
      "71": {
        "start": {
          "line": 124,
          "column": 6
        },
        "end": {
          "line": 138,
          "column": 7
        }
      },
      "72": {
        "start": {
          "line": 125,
          "column": 8
        },
        "end": {
          "line": 125,
          "column": 104
        }
      },
      "73": {
        "start": {
          "line": 126,
          "column": 8
        },
        "end": {
          "line": 128,
          "column": 11
        }
      },
      "74": {
        "start": {
          "line": 127,
          "column": 10
        },
        "end": {
          "line": 127,
          "column": 28
        }
      },
      "75": {
        "start": {
          "line": 129,
          "column": 8
        },
        "end": {
          "line": 129,
          "column": 41
        }
      },
      "76": {
        "start": {
          "line": 130,
          "column": 8
        },
        "end": {
          "line": 130,
          "column": 35
        }
      },
      "77": {
        "start": {
          "line": 131,
          "column": 8
        },
        "end": {
          "line": 131,
          "column": 28
        }
      },
      "78": {
        "start": {
          "line": 132,
          "column": 8
        },
        "end": {
          "line": 132,
          "column": 35
        }
      },
      "79": {
        "start": {
          "line": 133,
          "column": 8
        },
        "end": {
          "line": 133,
          "column": 41
        }
      },
      "80": {
        "start": {
          "line": 134,
          "column": 8
        },
        "end": {
          "line": 134,
          "column": 30
        }
      },
      "81": {
        "start": {
          "line": 135,
          "column": 8
        },
        "end": {
          "line": 135,
          "column": 49
        }
      },
      "82": {
        "start": {
          "line": 136,
          "column": 8
        },
        "end": {
          "line": 136,
          "column": 73
        }
      },
      "83": {
        "start": {
          "line": 137,
          "column": 8
        },
        "end": {
          "line": 137,
          "column": 30
        }
      },
      "84": {
        "start": {
          "line": 140,
          "column": 6
        },
        "end": {
          "line": 143,
          "column": 7
        }
      },
      "85": {
        "start": {
          "line": 141,
          "column": 8
        },
        "end": {
          "line": 141,
          "column": 25
        }
      },
      "86": {
        "start": {
          "line": 142,
          "column": 8
        },
        "end": {
          "line": 142,
          "column": 40
        }
      },
      "87": {
        "start": {
          "line": 147,
          "column": 2
        },
        "end": {
          "line": 147,
          "column": 21
        }
      }
    },
    "fnMap": {
      "0": {
        "name": "MeComponent_div_10_p_6_Template",
        "decl": {
          "start": {
            "line": 12,
            "column": 9
          },
          "end": {
            "line": 12,
            "column": 40
          }
        },
        "loc": {
          "start": {
            "line": 12,
            "column": 50
          },
          "end": {
            "line": 18,
            "column": 1
          }
        },
        "line": 12
      },
      "1": {
        "name": "MeComponent_div_10_div_7_Template",
        "decl": {
          "start": {
            "line": 20,
            "column": 9
          },
          "end": {
            "line": 20,
            "column": 42
          }
        },
        "loc": {
          "start": {
            "line": 20,
            "column": 52
          },
          "end": {
            "line": 40,
            "column": 1
          }
        },
        "line": 20
      },
      "2": {
        "name": "MeComponent_div_10_div_7_Template_button_click_3_listener",
        "decl": {
          "start": {
            "line": 28,
            "column": 36
          },
          "end": {
            "line": 28,
            "column": 93
          }
        },
        "loc": {
          "start": {
            "line": 28,
            "column": 96
          },
          "end": {
            "line": 32,
            "column": 5
          }
        },
        "line": 28
      },
      "3": {
        "name": "MeComponent_div_10_Template",
        "decl": {
          "start": {
            "line": 42,
            "column": 9
          },
          "end": {
            "line": 42,
            "column": 36
          }
        },
        "loc": {
          "start": {
            "line": 42,
            "column": 46
          },
          "end": {
            "line": 82,
            "column": 1
          }
        },
        "line": 42
      },
      "4": {
        "name": "(anonymous_4)",
        "decl": {
          "start": {
            "line": 84,
            "column": 39
          },
          "end": {
            "line": 84,
            "column": 40
          }
        },
        "loc": {
          "start": {
            "line": 84,
            "column": 45
          },
          "end": {
            "line": 148,
            "column": 1
          }
        },
        "line": 84
      },
      "5": {
        "name": "(anonymous_5)",
        "decl": {
          "start": {
            "line": 86,
            "column": 4
          },
          "end": {
            "line": 86,
            "column": 5
          }
        },
        "loc": {
          "start": {
            "line": 86,
            "column": 66
          },
          "end": {
            "line": 91,
            "column": 5
          }
        },
        "line": 86
      },
      "6": {
        "name": "(anonymous_6)",
        "decl": {
          "start": {
            "line": 93,
            "column": 4
          },
          "end": {
            "line": 93,
            "column": 5
          }
        },
        "loc": {
          "start": {
            "line": 93,
            "column": 15
          },
          "end": {
            "line": 95,
            "column": 5
          }
        },
        "line": 93
      },
      "7": {
        "name": "(anonymous_7)",
        "decl": {
          "start": {
            "line": 94,
            "column": 95
          },
          "end": {
            "line": 94,
            "column": 96
          }
        },
        "loc": {
          "start": {
            "line": 94,
            "column": 103
          },
          "end": {
            "line": 94,
            "column": 119
          }
        },
        "line": 94
      },
      "8": {
        "name": "(anonymous_8)",
        "decl": {
          "start": {
            "line": 97,
            "column": 4
          },
          "end": {
            "line": 97,
            "column": 5
          }
        },
        "loc": {
          "start": {
            "line": 97,
            "column": 11
          },
          "end": {
            "line": 99,
            "column": 5
          }
        },
        "line": 97
      },
      "9": {
        "name": "(anonymous_9)",
        "decl": {
          "start": {
            "line": 101,
            "column": 4
          },
          "end": {
            "line": 101,
            "column": 5
          }
        },
        "loc": {
          "start": {
            "line": 101,
            "column": 13
          },
          "end": {
            "line": 109,
            "column": 5
          }
        },
        "line": 101
      },
      "10": {
        "name": "(anonymous_10)",
        "decl": {
          "start": {
            "line": 102,
            "column": 94
          },
          "end": {
            "line": 102,
            "column": 95
          }
        },
        "loc": {
          "start": {
            "line": 102,
            "column": 99
          },
          "end": {
            "line": 108,
            "column": 7
          }
        },
        "line": 102
      },
      "11": {
        "name": "MeComponent_Factory",
        "decl": {
          "start": {
            "line": 113,
            "column": 30
          },
          "end": {
            "line": 113,
            "column": 49
          }
        },
        "loc": {
          "start": {
            "line": 113,
            "column": 53
          },
          "end": {
            "line": 115,
            "column": 3
          }
        },
        "line": 113
      },
      "12": {
        "name": "MeComponent_Template",
        "decl": {
          "start": {
            "line": 123,
            "column": 23
          },
          "end": {
            "line": 123,
            "column": 43
          }
        },
        "loc": {
          "start": {
            "line": 123,
            "column": 53
          },
          "end": {
            "line": 144,
            "column": 5
          }
        },
        "line": 123
      },
      "13": {
        "name": "MeComponent_Template_button_click_4_listener",
        "decl": {
          "start": {
            "line": 126,
            "column": 40
          },
          "end": {
            "line": 126,
            "column": 84
          }
        },
        "loc": {
          "start": {
            "line": 126,
            "column": 87
          },
          "end": {
            "line": 128,
            "column": 9
          }
        },
        "line": 126
      }
    },
    "branchMap": {
      "0": {
        "loc": {
          "start": {
            "line": 13,
            "column": 2
          },
          "end": {
            "line": 17,
            "column": 3
          }
        },
        "type": "if",
        "locations": [
          {
            "start": {
              "line": 13,
              "column": 2
            },
            "end": {
              "line": 17,
              "column": 3
            }
          },
          {
            "start": {
              "line": 13,
              "column": 2
            },
            "end": {
              "line": 17,
              "column": 3
            }
          }
        ],
        "line": 13
      },
      "1": {
        "loc": {
          "start": {
            "line": 21,
            "column": 2
          },
          "end": {
            "line": 39,
            "column": 3
          }
        },
        "type": "if",
        "locations": [
          {
            "start": {
              "line": 21,
              "column": 2
            },
            "end": {
              "line": 39,
              "column": 3
            }
          },
          {
            "start": {
              "line": 21,
              "column": 2
            },
            "end": {
              "line": 39,
              "column": 3
            }
          }
        ],
        "line": 21
      },
      "2": {
        "loc": {
          "start": {
            "line": 43,
            "column": 2
          },
          "end": {
            "line": 65,
            "column": 3
          }
        },
        "type": "if",
        "locations": [
          {
            "start": {
              "line": 43,
              "column": 2
            },
            "end": {
              "line": 65,
              "column": 3
            }
          },
          {
            "start": {
              "line": 43,
              "column": 2
            },
            "end": {
              "line": 65,
              "column": 3
            }
          }
        ],
        "line": 43
      },
      "3": {
        "loc": {
          "start": {
            "line": 67,
            "column": 2
          },
          "end": {
            "line": 81,
            "column": 3
          }
        },
        "type": "if",
        "locations": [
          {
            "start": {
              "line": 67,
              "column": 2
            },
            "end": {
              "line": 81,
              "column": 3
            }
          },
          {
            "start": {
              "line": 67,
              "column": 2
            },
            "end": {
              "line": 81,
              "column": 3
            }
          }
        ],
        "line": 67
      },
      "4": {
        "loc": {
          "start": {
            "line": 114,
            "column": 16
          },
          "end": {
            "line": 114,
            "column": 32
          }
        },
        "type": "binary-expr",
        "locations": [
          {
            "start": {
              "line": 114,
              "column": 16
            },
            "end": {
              "line": 114,
              "column": 17
            }
          },
          {
            "start": {
              "line": 114,
              "column": 21
            },
            "end": {
              "line": 114,
              "column": 32
            }
          }
        ],
        "line": 114
      },
      "5": {
        "loc": {
          "start": {
            "line": 124,
            "column": 6
          },
          "end": {
            "line": 138,
            "column": 7
          }
        },
        "type": "if",
        "locations": [
          {
            "start": {
              "line": 124,
              "column": 6
            },
            "end": {
              "line": 138,
              "column": 7
            }
          },
          {
            "start": {
              "line": 124,
              "column": 6
            },
            "end": {
              "line": 138,
              "column": 7
            }
          }
        ],
        "line": 124
      },
      "6": {
        "loc": {
          "start": {
            "line": 140,
            "column": 6
          },
          "end": {
            "line": 143,
            "column": 7
          }
        },
        "type": "if",
        "locations": [
          {
            "start": {
              "line": 140,
              "column": 6
            },
            "end": {
              "line": 143,
              "column": 7
            }
          },
          {
            "start": {
              "line": 140,
              "column": 6
            },
            "end": {
              "line": 143,
              "column": 7
            }
          }
        ],
        "line": 140
      }
    },
    "s": {
      "0": 0,
      "1": 0,
      "2": 0,
      "3": 0,
      "4": 32,
      "5": 6,
      "6": 6,
      "7": 6,
      "8": 6,
      "9": 6,
      "10": 6,
      "11": 2,
      "12": 2,
      "13": 2,
      "14": 6,
      "15": 6,
      "16": 6,
      "17": 6,
      "18": 6,
      "19": 6,
      "20": 32,
      "21": 6,
      "22": 6,
      "23": 6,
      "24": 6,
      "25": 6,
      "26": 6,
      "27": 6,
      "28": 6,
      "29": 6,
      "30": 6,
      "31": 6,
      "32": 6,
      "33": 6,
      "34": 6,
      "35": 6,
      "36": 6,
      "37": 6,
      "38": 6,
      "39": 6,
      "40": 6,
      "41": 6,
      "42": 32,
      "43": 26,
      "44": 26,
      "45": 26,
      "46": 26,
      "47": 26,
      "48": 26,
      "49": 26,
      "50": 26,
      "51": 26,
      "52": 26,
      "53": 26,
      "54": 26,
      "55": 26,
      "56": 30,
      "57": 6,
      "58": 6,
      "59": 6,
      "60": 6,
      "61": 6,
      "62": 6,
      "63": 2,
      "64": 2,
      "65": 2,
      "66": 2,
      "67": 2,
      "68": 30,
      "69": 6,
      "70": 30,
      "71": 62,
      "72": 6,
      "73": 6,
      "74": 2,
      "75": 6,
      "76": 6,
      "77": 6,
      "78": 6,
      "79": 6,
      "80": 6,
      "81": 6,
      "82": 6,
      "83": 6,
      "84": 62,
      "85": 56,
      "86": 56,
      "87": 30
    },
    "f": {
      "0": 0,
      "1": 32,
      "2": 2,
      "3": 32,
      "4": 30,
      "5": 6,
      "6": 6,
      "7": 6,
      "8": 2,
      "9": 2,
      "10": 2,
      "11": 6,
      "12": 62,
      "13": 2
    },
    "b": {
      "0": [
        0,
        0
      ],
      "1": [
        6,
        26
      ],
      "2": [
        6,
        26
      ],
      "3": [
        26,
        6
      ],
      "4": [
        6,
        6
      ],
      "5": [
        6,
        56
      ],
      "6": [
        56,
        6
      ]
    },
    "inputSourceMap": {
      "version": 3,
      "mappings": ";;;;;;;;;;;;;IAcQA;IAAkCA;IAAaA;;;;;;;;IAC/CA,+BAAqF,CAArF,EAAqF,GAArF;IACKA;IAAkBA;IACrBA;IAAuCA;MAAAA;MAAA;MAAA,OAASA,+BAAT;IAAiB,CAAjB;IACrCA;IAAUA;IAAMA;IAChBA;IAAkBA;IAAMA;;;;;;IAR9BA,+BAAiE,CAAjE,EAAiE,GAAjE;IACKA;;IAA0DA;IAC7DA;IAAGA;IAAuBA;IAC1BA;IACAA;IAOAA,+BAA0D,CAA1D,EAA0D,GAA1D,EAA0D,EAA1D,EAA0D,GAA1D;IAEQA;IAAWA;IAAKA;;IAAsCA;IAC5DA,2BAAG,EAAH,EAAG,GAAH;IAAMA;IAAaA;IAAKA;;IAAqCA;;;;;IAb5DA;IAAAA;IACAA;IAAAA;IACCA;IAAAA;IACEA;IAAAA;IASkBA;IAAAA;IACEA;IAAAA;;;;ACblC,WAAaC,WAAb;EAAM,MAAOA,WAAP,CAAkB;IAItBC,YAAoBC,MAApB,EACoBC,cADpB,EAEoBC,WAFpB,EAGoBC,WAHpB,EAG4C;MAHxB;MACA;MACA;MACA;IACnB;;IAEMC,QAAQ;MACb,KAAKD,WAAL,CACGE,OADH,CACW,KAAKJ,cAAL,CAAoBK,kBAApB,CAAwCC,EAAxC,CAA2CC,QAA3C,EADX,EAEGC,SAFH,CAEcC,IAAD,IAAgB,KAAKA,IAAL,GAAYA,IAFzC;IAGD;;IAEMC,IAAI;MACTC,MAAM,CAACC,OAAP,CAAeF,IAAf;IACD;;IAEMG,MAAM;MACX,KAAKX,WAAL,CACGW,MADH,CACU,KAAKb,cAAL,CAAoBK,kBAApB,CAAwCC,EAAxC,CAA2CC,QAA3C,EADV,EAEGC,SAFH,CAEcM,CAAD,IAAM;QACf,KAAKb,WAAL,CAAiBc,IAAjB,CAAsB,iCAAtB,EAAyD,OAAzD,EAAkE;UAAEC,QAAQ,EAAE;QAAZ,CAAlE;QACA,KAAKhB,cAAL,CAAoBiB,MAApB;QACA,KAAKlB,MAAL,CAAYmB,QAAZ,CAAqB,CAAC,GAAD,CAArB;MACD,CANH;IAOD;;EA5BqB;;;qBAAXrB,aAAWD;EAAA;;;UAAXC;IAAWsB;IAAAC;IAAAC;IAAAC;IAAAC;MAAA;QDZxB3B,+BAAgB,CAAhB,EAAgB,UAAhB,EAAgB,CAAhB,EAAgB,gBAAhB,EAAgB,CAAhB,EAAgB,KAAhB,EAAgB,CAAhB,EAAgB,CAAhB,EAAgB,QAAhB,EAAgB,CAAhB;QAIgCA;UAAA,OAAS4B,UAAT;QAAe,CAAf;QACtB5B;QAAUA;QAAUA;QAEtBA;QAAIA;QAAgBA;QAGxBA;QACEA;QAiBFA;;;;QAjBQA;QAAAA;;;;;ECCZ,OAAaC,WAAb;AAAA",
      "names": [
        "i0",
        "MeComponent",
        "constructor",
        "router",
        "sessionService",
        "matSnackBar",
        "userService",
        "ngOnInit",
        "getById",
        "sessionInformation",
        "id",
        "toString",
        "subscribe",
        "user",
        "back",
        "window",
        "history",
        "delete",
        "_",
        "open",
        "duration",
        "logOut",
        "navigate",
        "selectors",
        "decls",
        "vars",
        "consts",
        "template",
        "ctx"
      ],
      "sourceRoot": "",
      "sources": [
        "/Users/nicolasoulikhanow/Library/Mobile Documents/com~apple~CloudDocs/Formations/OpenClassrooms/Formation dev java/Projet 5/Testez-une-application-full-stack/front/src/app/components/me/me.component.html",
        "/Users/nicolasoulikhanow/Library/Mobile Documents/com~apple~CloudDocs/Formations/OpenClassrooms/Formation dev java/Projet 5/Testez-une-application-full-stack/front/src/app/components/me/me.component.ts"
      ],
      "sourcesContent": [
        "<div class=\"m3\">\n  <mat-card>\n    <mat-card-title>\n      <div fxLayout=\"row\" fxLayoutAlign=\"start center\">\n        <button mat-icon-button (click)=\"back()\">\n          <mat-icon>arrow_back</mat-icon>\n        </button>\n        <h1>User information</h1>\n      </div>\n    </mat-card-title>\n    <mat-card-content>\n      <div *ngIf=\"user\" fxLayout=\"column\" fxLayoutAlign=\"start center\">\n        <p>Name: {{ user.firstName }} {{ user.lastName | uppercase }}</p>\n        <p>Email: {{ user.email }}</p>\n        <p *ngIf=\"user.admin\" class=\"my2\">You are admin</p>\n        <div *ngIf=\"!user.admin\" fxLayout=\"column\" class=\"my2\" fxLayoutAlign=\"center center\">\n          <p>Delete my account:</p>\n          <button mat-raised-button color=\"warn\" (click)=\"delete()\">\n            <mat-icon>delete</mat-icon>\n            <span class=\"ml1\">Detail</span>\n          </button>\n        </div>\n        <div fxLayoutAlign=\"space-between center\" class=\"p2 w100\">\n\n          <p><i>Create at: </i> {{ user.createdAt | date: 'longDate'}}</p>\n          <p><i>Last update: </i> {{ user.updatedAt| date: 'longDate'}}</p>\n        </div>\n      </div>\n    </mat-card-content>\n  </mat-card>\n</div>\n",
        "import { Component, OnInit } from '@angular/core';\nimport { MatSnackBar } from '@angular/material/snack-bar';\nimport { Router } from '@angular/router';\nimport { User } from '../../interfaces/user.interface';\nimport { SessionService } from '../../services/session.service';\nimport { UserService } from '../../services/user.service';\n\n@Component({\n  selector: 'app-me',\n  templateUrl: './me.component.html',\n  styleUrls: ['./me.component.scss']\n})\nexport class MeComponent implements OnInit {\n\n  public user: User | undefined;\n\n  constructor(private router: Router,\n              private sessionService: SessionService,\n              private matSnackBar: MatSnackBar,\n              private userService: UserService) {\n  }\n\n  public ngOnInit(): void {\n    this.userService\n      .getById(this.sessionService.sessionInformation!.id.toString())\n      .subscribe((user: User) => this.user = user);\n  }\n\n  public back(): void {\n    window.history.back();\n  }\n\n  public delete(): void {\n    this.userService\n      .delete(this.sessionService.sessionInformation!.id.toString())\n      .subscribe((_) => {\n        this.matSnackBar.open(\"Your account has been deleted !\", 'Close', { duration: 3000 });\n        this.sessionService.logOut();\n        this.router.navigate(['/']);\n      })\n  }\n\n}\n"
      ]
    },
    "_coverageSchema": "1a1c01bbd47fc00a2c39e90264f33305004495a9",
    "hash": "ec8485ff1de870a1929d407feef128cc0bcd3253"
  },
  "/Users/nicolasoulikhanow/Library/Mobile Documents/com~apple~CloudDocs/Formations/OpenClassrooms/Formation dev java/Projet 5/Testez-une-application-full-stack/front/src/app/components/not-found/not-found.component.ts": {
    "path": "/Users/nicolasoulikhanow/Library/Mobile Documents/com~apple~CloudDocs/Formations/OpenClassrooms/Formation dev java/Projet 5/Testez-une-application-full-stack/front/src/app/components/not-found/not-found.component.ts",
    "statementMap": {
      "0": {
        "start": {
          "line": 2,
          "column": 44
        },
        "end": {
          "line": 25,
          "column": 4
        }
      },
      "1": {
        "start": {
          "line": 5,
          "column": 2
        },
        "end": {
          "line": 7,
          "column": 4
        }
      },
      "2": {
        "start": {
          "line": 6,
          "column": 4
        },
        "end": {
          "line": 6,
          "column": 42
        }
      },
      "3": {
        "start": {
          "line": 9,
          "column": 2
        },
        "end": {
          "line": 23,
          "column": 5
        }
      },
      "4": {
        "start": {
          "line": 16,
          "column": 6
        },
        "end": {
          "line": 20,
          "column": 7
        }
      },
      "5": {
        "start": {
          "line": 17,
          "column": 8
        },
        "end": {
          "line": 17,
          "column": 48
        }
      },
      "6": {
        "start": {
          "line": 18,
          "column": 8
        },
        "end": {
          "line": 18,
          "column": 41
        }
      },
      "7": {
        "start": {
          "line": 19,
          "column": 8
        },
        "end": {
          "line": 19,
          "column": 28
        }
      },
      "8": {
        "start": {
          "line": 24,
          "column": 2
        },
        "end": {
          "line": 24,
          "column": 27
        }
      }
    },
    "fnMap": {
      "0": {
        "name": "(anonymous_0)",
        "decl": {
          "start": {
            "line": 2,
            "column": 45
          },
          "end": {
            "line": 2,
            "column": 46
          }
        },
        "loc": {
          "start": {
            "line": 2,
            "column": 51
          },
          "end": {
            "line": 25,
            "column": 1
          }
        },
        "line": 2
      },
      "1": {
        "name": "NotFoundComponent_Factory",
        "decl": {
          "start": {
            "line": 5,
            "column": 36
          },
          "end": {
            "line": 5,
            "column": 61
          }
        },
        "loc": {
          "start": {
            "line": 5,
            "column": 65
          },
          "end": {
            "line": 7,
            "column": 3
          }
        },
        "line": 5
      },
      "2": {
        "name": "NotFoundComponent_Template",
        "decl": {
          "start": {
            "line": 15,
            "column": 23
          },
          "end": {
            "line": 15,
            "column": 49
          }
        },
        "loc": {
          "start": {
            "line": 15,
            "column": 59
          },
          "end": {
            "line": 21,
            "column": 5
          }
        },
        "line": 15
      }
    },
    "branchMap": {
      "0": {
        "loc": {
          "start": {
            "line": 6,
            "column": 16
          },
          "end": {
            "line": 6,
            "column": 38
          }
        },
        "type": "binary-expr",
        "locations": [
          {
            "start": {
              "line": 6,
              "column": 16
            },
            "end": {
              "line": 6,
              "column": 17
            }
          },
          {
            "start": {
              "line": 6,
              "column": 21
            },
            "end": {
              "line": 6,
              "column": 38
            }
          }
        ],
        "line": 6
      },
      "1": {
        "loc": {
          "start": {
            "line": 16,
            "column": 6
          },
          "end": {
            "line": 20,
            "column": 7
          }
        },
        "type": "if",
        "locations": [
          {
            "start": {
              "line": 16,
              "column": 6
            },
            "end": {
              "line": 20,
              "column": 7
            }
          },
          {
            "start": {
              "line": 16,
              "column": 6
            },
            "end": {
              "line": 20,
              "column": 7
            }
          }
        ],
        "line": 16
      }
    },
    "s": {
      "0": 30,
      "1": 30,
      "2": 2,
      "3": 30,
      "4": 6,
      "5": 2,
      "6": 2,
      "7": 2,
      "8": 30
    },
    "f": {
      "0": 30,
      "1": 2,
      "2": 6
    },
    "b": {
      "0": [
        2,
        2
      ],
      "1": [
        2,
        4
      ]
    },
    "inputSourceMap": {
      "version": 3,
      "mappings": ";AAOA,WAAaA,iBAAb;EAAM,MAAOA,iBAAP,CAAwB;;;qBAAjBA;EAAiB;;;UAAjBA;IAAiBC;IAAAC;IAAAC;IAAAC;IAAAC;MAAA;QCP9BC,+BAAqC,CAArC,EAAqC,IAArC;QACYA;QAAgBA;;;;;EDM5B,OAAaN,iBAAb;AAAA",
      "names": [
        "NotFoundComponent",
        "selectors",
        "decls",
        "vars",
        "consts",
        "template",
        "i0"
      ],
      "sourceRoot": "",
      "sources": [
        "/Users/nicolasoulikhanow/Library/Mobile Documents/com~apple~CloudDocs/Formations/OpenClassrooms/Formation dev java/Projet 5/Testez-une-application-full-stack/front/src/app/components/not-found/not-found.component.ts",
        "/Users/nicolasoulikhanow/Library/Mobile Documents/com~apple~CloudDocs/Formations/OpenClassrooms/Formation dev java/Projet 5/Testez-une-application-full-stack/front/src/app/components/not-found/not-found.component.html"
      ],
      "sourcesContent": [
        "import { Component } from '@angular/core';\n\n@Component({\n  selector: 'app-not-found',\n  templateUrl: './not-found.component.html',\n  styleUrls: ['./not-found.component.scss']\n})\nexport class NotFoundComponent {\n}\n",
        "<div class=\"flex justify-center mt3\">\n        <h1>Page not found !</h1>\n</div>"
      ]
    },
    "_coverageSchema": "1a1c01bbd47fc00a2c39e90264f33305004495a9",
    "hash": "c181aaa86f7efb10dcb5b7fd676e50a513de67f1"
  },
  "/Users/nicolasoulikhanow/Library/Mobile Documents/com~apple~CloudDocs/Formations/OpenClassrooms/Formation dev java/Projet 5/Testez-une-application-full-stack/front/src/app/guards/auth.guard.ts": {
    "path": "/Users/nicolasoulikhanow/Library/Mobile Documents/com~apple~CloudDocs/Formations/OpenClassrooms/Formation dev java/Projet 5/Testez-une-application-full-stack/front/src/app/guards/auth.guard.ts",
    "statementMap": {
      "0": {
        "start": {
          "line": 5,
          "column": 36
        },
        "end": {
          "line": 33,
          "column": 4
        }
      },
      "1": {
        "start": {
          "line": 8,
          "column": 6
        },
        "end": {
          "line": 8,
          "column": 27
        }
      },
      "2": {
        "start": {
          "line": 9,
          "column": 6
        },
        "end": {
          "line": 9,
          "column": 43
        }
      },
      "3": {
        "start": {
          "line": 13,
          "column": 6
        },
        "end": {
          "line": 16,
          "column": 7
        }
      },
      "4": {
        "start": {
          "line": 14,
          "column": 8
        },
        "end": {
          "line": 14,
          "column": 40
        }
      },
      "5": {
        "start": {
          "line": 15,
          "column": 8
        },
        "end": {
          "line": 15,
          "column": 21
        }
      },
      "6": {
        "start": {
          "line": 18,
          "column": 6
        },
        "end": {
          "line": 18,
          "column": 18
        }
      },
      "7": {
        "start": {
          "line": 23,
          "column": 2
        },
        "end": {
          "line": 25,
          "column": 4
        }
      },
      "8": {
        "start": {
          "line": 24,
          "column": 4
        },
        "end": {
          "line": 24,
          "column": 88
        }
      },
      "9": {
        "start": {
          "line": 27,
          "column": 2
        },
        "end": {
          "line": 31,
          "column": 5
        }
      },
      "10": {
        "start": {
          "line": 32,
          "column": 2
        },
        "end": {
          "line": 32,
          "column": 19
        }
      }
    },
    "fnMap": {
      "0": {
        "name": "(anonymous_0)",
        "decl": {
          "start": {
            "line": 5,
            "column": 37
          },
          "end": {
            "line": 5,
            "column": 38
          }
        },
        "loc": {
          "start": {
            "line": 5,
            "column": 43
          },
          "end": {
            "line": 33,
            "column": 1
          }
        },
        "line": 5
      },
      "1": {
        "name": "(anonymous_1)",
        "decl": {
          "start": {
            "line": 7,
            "column": 4
          },
          "end": {
            "line": 7,
            "column": 5
          }
        },
        "loc": {
          "start": {
            "line": 7,
            "column": 40
          },
          "end": {
            "line": 10,
            "column": 5
          }
        },
        "line": 7
      },
      "2": {
        "name": "(anonymous_2)",
        "decl": {
          "start": {
            "line": 12,
            "column": 4
          },
          "end": {
            "line": 12,
            "column": 5
          }
        },
        "loc": {
          "start": {
            "line": 12,
            "column": 18
          },
          "end": {
            "line": 19,
            "column": 5
          }
        },
        "line": 12
      },
      "3": {
        "name": "AuthGuard_Factory",
        "decl": {
          "start": {
            "line": 23,
            "column": 28
          },
          "end": {
            "line": 23,
            "column": 45
          }
        },
        "loc": {
          "start": {
            "line": 23,
            "column": 49
          },
          "end": {
            "line": 25,
            "column": 3
          }
        },
        "line": 23
      }
    },
    "branchMap": {
      "0": {
        "loc": {
          "start": {
            "line": 13,
            "column": 6
          },
          "end": {
            "line": 16,
            "column": 7
          }
        },
        "type": "if",
        "locations": [
          {
            "start": {
              "line": 13,
              "column": 6
            },
            "end": {
              "line": 16,
              "column": 7
            }
          },
          {
            "start": {
              "line": 13,
              "column": 6
            },
            "end": {
              "line": 16,
              "column": 7
            }
          }
        ],
        "line": 13
      },
      "1": {
        "loc": {
          "start": {
            "line": 24,
            "column": 16
          },
          "end": {
            "line": 24,
            "column": 30
          }
        },
        "type": "binary-expr",
        "locations": [
          {
            "start": {
              "line": 24,
              "column": 16
            },
            "end": {
              "line": 24,
              "column": 17
            }
          },
          {
            "start": {
              "line": 24,
              "column": 21
            },
            "end": {
              "line": 24,
              "column": 30
            }
          }
        ],
        "line": 24
      }
    },
    "s": {
      "0": 30,
      "1": 20,
      "2": 20,
      "3": 28,
      "4": 0,
      "5": 0,
      "6": 28,
      "7": 30,
      "8": 20,
      "9": 30,
      "10": 30
    },
    "f": {
      "0": 30,
      "1": 20,
      "2": 28,
      "3": 20
    },
    "b": {
      "0": [
        0,
        28
      ],
      "1": [
        20,
        20
      ]
    },
    "inputSourceMap": {
      "version": 3,
      "mappings": "AACA,SAAqBA,MAArB,QAAkC,iBAAlC;;;;AAIA,WAAaC,SAAb;EAAM,MAAOA,SAAP,CAAgB;IAEpBC,YACUC,MADV,EAEUC,cAFV,EAEwC;MAD9B;MACA;IAET;;IAEMC,WAAW;MAChB,IAAI,CAAC,KAAKD,cAAL,CAAoBE,QAAzB,EAAmC;QACjC,KAAKH,MAAL,CAAYI,QAAZ,CAAqB,CAAC,OAAD,CAArB;QACA,OAAO,KAAP;MACD;;MACD,OAAO,IAAP;IACD;;EAdmB;;;qBAATN,WAASO;EAAA;;;WAATP;IAASQ,SAATR,SAAS;IAAAS,YADG;;EACzB,OAAaT,SAAb;AAAA",
      "names": [
        "Router",
        "AuthGuard",
        "constructor",
        "router",
        "sessionService",
        "canActivate",
        "isLogged",
        "navigate",
        "i0",
        "factory",
        "providedIn"
      ],
      "sourceRoot": "",
      "sources": [
        "/Users/nicolasoulikhanow/Library/Mobile Documents/com~apple~CloudDocs/Formations/OpenClassrooms/Formation dev java/Projet 5/Testez-une-application-full-stack/front/src/app/guards/auth.guard.ts"
      ],
      "sourcesContent": [
        "import {Injectable} from \"@angular/core\";\nimport {CanActivate, Router} from \"@angular/router\"; \nimport { SessionService } from \"../services/session.service\";\n\n@Injectable({providedIn: 'root'})\nexport class AuthGuard implements CanActivate {\n\n  constructor( \n    private router: Router,\n    private sessionService: SessionService,\n  ) {\n  }\n\n  public canActivate(): boolean {\n    if (!this.sessionService.isLogged) {\n      this.router.navigate(['login']);\n      return false;\n    }\n    return true;\n  }\n}"
      ]
    },
    "_coverageSchema": "1a1c01bbd47fc00a2c39e90264f33305004495a9",
    "hash": "50b32a3e51877b485db937ea235ff95df142e25f"
  },
  "/Users/nicolasoulikhanow/Library/Mobile Documents/com~apple~CloudDocs/Formations/OpenClassrooms/Formation dev java/Projet 5/Testez-une-application-full-stack/front/src/app/guards/unauth.guard.ts": {
    "path": "/Users/nicolasoulikhanow/Library/Mobile Documents/com~apple~CloudDocs/Formations/OpenClassrooms/Formation dev java/Projet 5/Testez-une-application-full-stack/front/src/app/guards/unauth.guard.ts",
    "statementMap": {
      "0": {
        "start": {
          "line": 5,
          "column": 38
        },
        "end": {
          "line": 33,
          "column": 4
        }
      },
      "1": {
        "start": {
          "line": 8,
          "column": 6
        },
        "end": {
          "line": 8,
          "column": 27
        }
      },
      "2": {
        "start": {
          "line": 9,
          "column": 6
        },
        "end": {
          "line": 9,
          "column": 43
        }
      },
      "3": {
        "start": {
          "line": 13,
          "column": 6
        },
        "end": {
          "line": 16,
          "column": 7
        }
      },
      "4": {
        "start": {
          "line": 14,
          "column": 8
        },
        "end": {
          "line": 14,
          "column": 42
        }
      },
      "5": {
        "start": {
          "line": 15,
          "column": 8
        },
        "end": {
          "line": 15,
          "column": 21
        }
      },
      "6": {
        "start": {
          "line": 18,
          "column": 6
        },
        "end": {
          "line": 18,
          "column": 18
        }
      },
      "7": {
        "start": {
          "line": 23,
          "column": 2
        },
        "end": {
          "line": 25,
          "column": 4
        }
      },
      "8": {
        "start": {
          "line": 24,
          "column": 4
        },
        "end": {
          "line": 24,
          "column": 90
        }
      },
      "9": {
        "start": {
          "line": 27,
          "column": 2
        },
        "end": {
          "line": 31,
          "column": 5
        }
      },
      "10": {
        "start": {
          "line": 32,
          "column": 2
        },
        "end": {
          "line": 32,
          "column": 21
        }
      }
    },
    "fnMap": {
      "0": {
        "name": "(anonymous_0)",
        "decl": {
          "start": {
            "line": 5,
            "column": 39
          },
          "end": {
            "line": 5,
            "column": 40
          }
        },
        "loc": {
          "start": {
            "line": 5,
            "column": 45
          },
          "end": {
            "line": 33,
            "column": 1
          }
        },
        "line": 5
      },
      "1": {
        "name": "(anonymous_1)",
        "decl": {
          "start": {
            "line": 7,
            "column": 4
          },
          "end": {
            "line": 7,
            "column": 5
          }
        },
        "loc": {
          "start": {
            "line": 7,
            "column": 40
          },
          "end": {
            "line": 10,
            "column": 5
          }
        },
        "line": 7
      },
      "2": {
        "name": "(anonymous_2)",
        "decl": {
          "start": {
            "line": 12,
            "column": 4
          },
          "end": {
            "line": 12,
            "column": 5
          }
        },
        "loc": {
          "start": {
            "line": 12,
            "column": 18
          },
          "end": {
            "line": 19,
            "column": 5
          }
        },
        "line": 12
      },
      "3": {
        "name": "UnauthGuard_Factory",
        "decl": {
          "start": {
            "line": 23,
            "column": 30
          },
          "end": {
            "line": 23,
            "column": 49
          }
        },
        "loc": {
          "start": {
            "line": 23,
            "column": 53
          },
          "end": {
            "line": 25,
            "column": 3
          }
        },
        "line": 23
      }
    },
    "branchMap": {
      "0": {
        "loc": {
          "start": {
            "line": 13,
            "column": 6
          },
          "end": {
            "line": 16,
            "column": 7
          }
        },
        "type": "if",
        "locations": [
          {
            "start": {
              "line": 13,
              "column": 6
            },
            "end": {
              "line": 16,
              "column": 7
            }
          },
          {
            "start": {
              "line": 13,
              "column": 6
            },
            "end": {
              "line": 16,
              "column": 7
            }
          }
        ],
        "line": 13
      },
      "1": {
        "loc": {
          "start": {
            "line": 24,
            "column": 16
          },
          "end": {
            "line": 24,
            "column": 32
          }
        },
        "type": "binary-expr",
        "locations": [
          {
            "start": {
              "line": 24,
              "column": 16
            },
            "end": {
              "line": 24,
              "column": 17
            }
          },
          {
            "start": {
              "line": 24,
              "column": 21
            },
            "end": {
              "line": 24,
              "column": 32
            }
          }
        ],
        "line": 24
      }
    },
    "s": {
      "0": 30,
      "1": 28,
      "2": 28,
      "3": 30,
      "4": 0,
      "5": 0,
      "6": 30,
      "7": 30,
      "8": 28,
      "9": 30,
      "10": 30
    },
    "f": {
      "0": 30,
      "1": 28,
      "2": 30,
      "3": 28
    },
    "b": {
      "0": [
        0,
        30
      ],
      "1": [
        28,
        28
      ]
    },
    "inputSourceMap": {
      "version": 3,
      "mappings": "AACA,SAAqBA,MAArB,QAAkC,iBAAlC;;;;AAIA,WAAaC,WAAb;EAAM,MAAOA,WAAP,CAAkB;IAEtBC,YACUC,MADV,EAEUC,cAFV,EAEwC;MAD9B;MACA;IAET;;IAEMC,WAAW;MAChB,IAAI,KAAKD,cAAL,CAAoBE,QAAxB,EAAkC;QAChC,KAAKH,MAAL,CAAYI,QAAZ,CAAqB,CAAC,SAAD,CAArB;QACA,OAAO,KAAP;MACD;;MACD,OAAO,IAAP;IACD;;EAdqB;;;qBAAXN,aAAWO;EAAA;;;WAAXP;IAAWQ,SAAXR,WAAW;IAAAS,YADC;;EACzB,OAAaT,WAAb;AAAA",
      "names": [
        "Router",
        "UnauthGuard",
        "constructor",
        "router",
        "sessionService",
        "canActivate",
        "isLogged",
        "navigate",
        "i0",
        "factory",
        "providedIn"
      ],
      "sourceRoot": "",
      "sources": [
        "/Users/nicolasoulikhanow/Library/Mobile Documents/com~apple~CloudDocs/Formations/OpenClassrooms/Formation dev java/Projet 5/Testez-une-application-full-stack/front/src/app/guards/unauth.guard.ts"
      ],
      "sourcesContent": [
        "import {Injectable} from \"@angular/core\";\nimport {CanActivate, Router} from \"@angular/router\"; \nimport { SessionService } from \"../services/session.service\";\n\n@Injectable({providedIn: 'root'})\nexport class UnauthGuard implements CanActivate {\n\n  constructor( \n    private router: Router,\n    private sessionService: SessionService,\n  ) {\n  }\n\n  public canActivate(): boolean {\n    if (this.sessionService.isLogged) {\n      this.router.navigate(['rentals']);\n      return false;\n    }\n    return true;\n  }\n}"
      ]
    },
    "_coverageSchema": "1a1c01bbd47fc00a2c39e90264f33305004495a9",
    "hash": "7abcb6ad5e27205bfd09d5b3d2afe76f56b33611"
  },
  "/Users/nicolasoulikhanow/Library/Mobile Documents/com~apple~CloudDocs/Formations/OpenClassrooms/Formation dev java/Projet 5/Testez-une-application-full-stack/front/src/app/app-routing.module.ts": {
    "path": "/Users/nicolasoulikhanow/Library/Mobile Documents/com~apple~CloudDocs/Formations/OpenClassrooms/Formation dev java/Projet 5/Testez-une-application-full-stack/front/src/app/app-routing.module.ts",
    "statementMap": {
      "0": {
        "start": {
          "line": 8,
          "column": 15
        },
        "end": {
          "line": 26,
          "column": 2
        }
      },
      "1": {
        "start": {
          "line": 11,
          "column": 22
        },
        "end": {
          "line": 11,
          "column": 83
        }
      },
      "2": {
        "start": {
          "line": 11,
          "column": 70
        },
        "end": {
          "line": 11,
          "column": 82
        }
      },
      "3": {
        "start": {
          "line": 15,
          "column": 22
        },
        "end": {
          "line": 15,
          "column": 95
        }
      },
      "4": {
        "start": {
          "line": 15,
          "column": 78
        },
        "end": {
          "line": 15,
          "column": 94
        }
      },
      "5": {
        "start": {
          "line": 27,
          "column": 43
        },
        "end": {
          "line": 41,
          "column": 4
        }
      },
      "6": {
        "start": {
          "line": 30,
          "column": 2
        },
        "end": {
          "line": 32,
          "column": 4
        }
      },
      "7": {
        "start": {
          "line": 31,
          "column": 4
        },
        "end": {
          "line": 31,
          "column": 41
        }
      },
      "8": {
        "start": {
          "line": 34,
          "column": 2
        },
        "end": {
          "line": 36,
          "column": 5
        }
      },
      "9": {
        "start": {
          "line": 37,
          "column": 2
        },
        "end": {
          "line": 39,
          "column": 5
        }
      },
      "10": {
        "start": {
          "line": 40,
          "column": 2
        },
        "end": {
          "line": 40,
          "column": 26
        }
      }
    },
    "fnMap": {
      "0": {
        "name": "(anonymous_0)",
        "decl": {
          "start": {
            "line": 11,
            "column": 16
          },
          "end": {
            "line": 11,
            "column": 17
          }
        },
        "loc": {
          "start": {
            "line": 11,
            "column": 22
          },
          "end": {
            "line": 11,
            "column": 83
          }
        },
        "line": 11
      },
      "1": {
        "name": "(anonymous_1)",
        "decl": {
          "start": {
            "line": 11,
            "column": 65
          },
          "end": {
            "line": 11,
            "column": 66
          }
        },
        "loc": {
          "start": {
            "line": 11,
            "column": 70
          },
          "end": {
            "line": 11,
            "column": 82
          }
        },
        "line": 11
      },
      "2": {
        "name": "(anonymous_2)",
        "decl": {
          "start": {
            "line": 15,
            "column": 16
          },
          "end": {
            "line": 15,
            "column": 17
          }
        },
        "loc": {
          "start": {
            "line": 15,
            "column": 22
          },
          "end": {
            "line": 15,
            "column": 95
          }
        },
        "line": 15
      },
      "3": {
        "name": "(anonymous_3)",
        "decl": {
          "start": {
            "line": 15,
            "column": 73
          },
          "end": {
            "line": 15,
            "column": 74
          }
        },
        "loc": {
          "start": {
            "line": 15,
            "column": 78
          },
          "end": {
            "line": 15,
            "column": 94
          }
        },
        "line": 15
      },
      "4": {
        "name": "(anonymous_4)",
        "decl": {
          "start": {
            "line": 27,
            "column": 44
          },
[...]
              "line": 112,
              "column": 6
            },
            "end": {
              "line": 122,
              "column": 7
            }
          },
          {
            "start": {
              "line": 112,
              "column": 6
            },
            "end": {
              "line": 122,
              "column": 7
            }
          }
        ],
        "line": 112
      },
      "7": {
        "loc": {
          "start": {
            "line": 124,
            "column": 6
          },
          "end": {
            "line": 129,
            "column": 7
          }
        },
        "type": "if",
        "locations": [
          {
            "start": {
              "line": 124,
              "column": 6
            },
            "end": {
              "line": 129,
              "column": 7
            }
          },
          {
            "start": {
              "line": 124,
              "column": 6
            },
            "end": {
              "line": 129,
              "column": 7
            }
          }
        ],
        "line": 124
      }
    },
    "s": {
      "0": 121,
      "1": 14,
      "2": 14,
      "3": 14,
      "4": 14,
      "5": 14,
      "6": 14,
      "7": 20,
      "8": 32,
      "9": 98,
      "10": 32,
      "11": 32,
      "12": 32,
      "13": 32,
      "14": 32,
      "15": 32,
      "16": 98,
      "17": 66,
      "18": 66,
      "19": 20,
      "20": 38,
      "21": 116,
      "22": 38,
      "23": 38,
      "24": 38,
      "25": 38,
      "26": 38,
      "27": 38,
      "28": 38,
      "29": 38,
      "30": 38,
      "31": 38,
      "32": 38,
      "33": 38,
      "34": 38,
      "35": 38,
      "36": 38,
      "37": 38,
      "38": 38,
      "39": 38,
      "40": 38,
      "41": 38,
      "42": 38,
      "43": 116,
      "44": 78,
      "45": 78,
      "46": 78,
      "47": 78,
      "48": 78,
      "49": 78,
      "50": 78,
      "51": 78,
      "52": 78,
      "53": 78,
      "54": 78,
      "55": 78,
      "56": 20,
      "57": 28,
      "58": 28,
      "59": 28,
      "60": 303,
      "61": 20,
      "62": 28,
      "63": 20,
      "64": 253,
      "65": 28,
      "66": 28,
      "67": 28,
      "68": 28,
      "69": 28,
      "70": 28,
      "71": 28,
      "72": 28,
      "73": 28,
      "74": 253,
      "75": 225,
      "76": 225,
      "77": 225,
      "78": 225,
      "79": 20
    },
    "f": {
      "0": 121,
      "1": 32,
      "2": 98,
      "3": 38,
      "4": 116,
      "5": 20,
      "6": 28,
      "7": 303,
      "8": 28,
      "9": 253
    },
    "b": {
      "0": [
        14,
        107
      ],
      "1": [
        32,
        66
      ],
      "2": [
        66,
        32
      ],
      "3": [
        38,
        78
      ],
      "4": [
        78,
        38
      ],
      "5": [
        28,
        28
      ],
      "6": [
        28,
        225
      ],
      "7": [
        225,
        28
      ]
    },
    "inputSourceMap": {
      "version": 3,
      "mappings": ";;;;;;;;;;;;IAIMA,kCAAkF,CAAlF,EAAkF,UAAlF;IACYA;IAAGA;IACbA;IAAkBA;IAAMA;;;;;;;;;;IAwBtBA,mCAC6C,CAD7C,EAC6C,UAD7C;IAEYA;IAAIA;IACdA;IAAkBA;IAAIA;;;;;IAFhBA;;;;;;;;;;IArBZA,oCAA0E,CAA1E,EAA0E,iBAA1E,EAA0E,CAA1E,EAA0E,gBAA1E;IAEoBA;IAAkBA;IAClCA;IACEA;;IACFA;IAEFA;IACEA;IACFA;IACAA,yCAAkB,EAAlB,EAAkB,GAAlB;IAEIA;IACFA;IAEFA,0CAAkB,EAAlB,EAAkB,QAAlB,EAAkB,EAAlB,EAAkB,EAAlB,EAAkB,UAAlB;IAEcA;IAAMA;IAChBA;IAAkBA;IAAMA;IAE1BA;IAKFA;;;;;;IAvBkBA;IAAAA;IAEdA;IAAAA;IAQAA;IAAAA;IAIwCA;IAAAA;IAIjCA;IAAAA;;;;AClBnB,WAAaC,aAAb;EAAM,MAAOA,aAAP,CAAoB;IAIxBC,YACUC,cADV,EAEUC,iBAFV,EAE8C;MADpC;MACA;MAJH,iBAAmC,KAAKA,iBAAL,CAAuBC,GAAvB,EAAnC;IAKF;;IAEG,IAAJC,IAAI;MACN,OAAO,KAAKH,cAAL,CAAoBI,kBAA3B;IACD;;EAXuB;;;qBAAbN,eAAaD;EAAA;;;UAAbC;IAAaO;IAAAC;IAAAC;IAAAC;IAAAC;MAAA;QDZ1BZ,+BAAkB,CAAlB,EAAkB,UAAlB,EAAkB,CAAlB,EAAkB,iBAAlB,EAAkB,CAAlB,EAAkB,CAAlB,EAAkB,gBAAlB,EAAkB,CAAlB;QAGiCA;QAAiBA;QAC5CA;QAIFA;QACAA;QACEA;;QA2BFA;;;;QAjCWA;QAAAA;QAMkCA;QAAAA;;;;;;ECEjD,OAAaC,aAAb;AAAA",
      "names": [
        "i0",
        "ListComponent",
        "constructor",
        "sessionService",
        "sessionApiService",
        "all",
        "user",
        "sessionInformation",
        "selectors",
        "decls",
        "vars",
        "consts",
        "template"
      ],
      "sourceRoot": "",
      "sources": [
        "/Users/nicolasoulikhanow/Library/Mobile Documents/com~apple~CloudDocs/Formations/OpenClassrooms/Formation dev java/Projet 5/Testez-une-application-full-stack/front/src/app/features/sessions/components/list/list.component.html",
        "/Users/nicolasoulikhanow/Library/Mobile Documents/com~apple~CloudDocs/Formations/OpenClassrooms/Formation dev java/Projet 5/Testez-une-application-full-stack/front/src/app/features/sessions/components/list/list.component.ts"
      ],
      "sourcesContent": [
        "<div class=\"list\">\n  <mat-card>\n    <mat-card-header fxLayout=\"row\" fxLayoutAlign=\"space-between center\">\n      <mat-card-title class=\"m0\">Rentals available</mat-card-title>\n      <button *ngIf=\"user!.admin\" mat-raised-button color=\"primary\" routerLink=\"create\">\n        <mat-icon>add</mat-icon>\n        <span class=\"ml1\">Create</span>\n      </button>\n    </mat-card-header>\n    <div class=\"items mt2\" fxLayout=\"row wrap\" fxLayout.lt-md=\"column\">\n      <mat-card class=\"item\" *ngFor=\"let session of (sessions$ | async)\" fxFlex>\n        <mat-card-header>\n          <mat-card-title>{{ session.name }}</mat-card-title>\n          <mat-card-subtitle>\n            Session on {{ session.date | date: 'longDate'}}\n          </mat-card-subtitle>\n        </mat-card-header>\n        <div mat-card-image fxLayoutAlign=\"center center\">\n          <img class=\"picture\" src=\"assets/sessions.png\" alt=\"Yoga session\">\n        </div>\n        <mat-card-content>\n          <p>\n            {{ session.description }}\n          </p>\n        </mat-card-content>\n        <mat-card-actions>\n          <button mat-raised-button color=\"primary\" [routerLink]=\"['detail',session.id]\">\n            <mat-icon>search</mat-icon>\n            <span class=\"ml1\">Detail</span>\n          </button>\n          <button *ngIf=\"user!.admin\" mat-raised-button color=\"primary\"\n                  [routerLink]=\"['update',session.id]\">\n            <mat-icon>edit</mat-icon>\n            <span class=\"ml1\">Edit</span>\n          </button>\n        </mat-card-actions>\n      </mat-card>\n    </div>\n  </mat-card>\n</div>\n",
        "import { Component } from '@angular/core';\nimport { Observable } from 'rxjs';\nimport { SessionInformation } from '../../../../interfaces/sessionInformation.interface';\nimport { SessionService } from '../../../../services/session.service';\nimport { Session } from '../../interfaces/session.interface';\nimport { SessionApiService } from '../../services/session-api.service';\n\n@Component({\n  selector: 'app-list',\n  templateUrl: './list.component.html',\n  styleUrls: ['./list.component.scss']\n})\nexport class ListComponent {\n\n  public sessions$: Observable<Session[]> = this.sessionApiService.all();\n\n  constructor(\n    private sessionService: SessionService,\n    private sessionApiService: SessionApiService\n  ) { }\n\n  get user(): SessionInformation | undefined {\n    return this.sessionService.sessionInformation;\n  }\n}\n"
      ]
    },
    "_coverageSchema": "1a1c01bbd47fc00a2c39e90264f33305004495a9",
    "hash": "334c1c580af56104dab5524e3575129a54c94b2a"
  },
  "/Users/nicolasoulikhanow/Library/Mobile Documents/com~apple~CloudDocs/Formations/OpenClassrooms/Formation dev java/Projet 5/Testez-une-application-full-stack/front/src/app/features/sessions/sessions-routing.module.ts": {
    "path": "/Users/nicolasoulikhanow/Library/Mobile Documents/com~apple~CloudDocs/Formations/OpenClassrooms/Formation dev java/Projet 5/Testez-une-application-full-stack/front/src/app/features/sessions/sessions-routing.module.ts",
    "statementMap": {
      "0": {
        "start": {
          "line": 7,
          "column": 15
        },
        "end": {
          "line": 23,
          "column": 2
        }
      },
      "1": {
        "start": {
          "line": 24,
          "column": 48
        },
        "end": {
          "line": 38,
          "column": 4
        }
      },
      "2": {
        "start": {
          "line": 27,
          "column": 2
        },
        "end": {
          "line": 29,
          "column": 4
        }
      },
      "3": {
        "start": {
          "line": 28,
          "column": 4
        },
        "end": {
          "line": 28,
          "column": 46
        }
      },
      "4": {
        "start": {
          "line": 31,
          "column": 2
        },
        "end": {
          "line": 33,
          "column": 5
        }
      },
      "5": {
        "start": {
          "line": 34,
          "column": 2
        },
        "end": {
          "line": 36,
          "column": 5
        }
      },
      "6": {
        "start": {
          "line": 37,
          "column": 2
        },
        "end": {
          "line": 37,
          "column": 31
        }
      }
    },
    "fnMap": {
      "0": {
        "name": "(anonymous_0)",
        "decl": {
          "start": {
            "line": 24,
            "column": 49
          },
          "end": {
            "line": 24,
            "column": 50
          }
        },
        "loc": {
          "start": {
            "line": 24,
            "column": 55
          },
          "end": {
            "line": 38,
            "column": 1
          }
        },
        "line": 24
      },
      "1": {
        "name": "SessionsRoutingModule_Factory",
        "decl": {
          "start": {
            "line": 27,
            "column": 40
          },
          "end": {
            "line": 27,
            "column": 69
          }
        },
        "loc": {
          "start": {
            "line": 27,
            "column": 73
          },
          "end": {
            "line": 29,
            "column": 3
          }
        },
        "line": 27
      }
    },
    "branchMap": {
      "0": {
        "loc": {
          "start": {
            "line": 28,
            "column": 16
          },
          "end": {
            "line": 28,
            "column": 42
          }
        },
        "type": "binary-expr",
        "locations": [
          {
            "start": {
              "line": 28,
              "column": 16
            },
            "end": {
              "line": 28,
              "column": 17
            }
          },
          {
            "start": {
              "line": 28,
              "column": 21
            },
            "end": {
              "line": 28,
              "column": 42
            }
          }
        ],
        "line": 28
      }
    },
    "s": {
      "0": 20,
      "1": 20,
      "2": 20,
      "3": 20,
      "4": 20,
      "5": 20,
      "6": 20
    },
    "f": {
      "0": 20,
      "1": 20
    },
    "b": {
      "0": [
        20,
        20
      ]
    },
    "inputSourceMap": {
      "version": 3,
      "mappings": "AACA,SAASA,YAAT,QAAqC,iBAArC;AACA,SAASC,eAAT,QAAgC,sCAAhC;AACA,SAASC,aAAT,QAA8B,kCAA9B;AACA,SAASC,aAAT,QAA8B,kCAA9B;;;AAEA,MAAMC,MAAM,GAAW,CACrB;EAAEC,IAAI,EAAE,EAAR;EAAYC,KAAK,EAAE,UAAnB;EAA+BC,SAAS,EAAEJ;AAA1C,CADqB,EAErB;EAAEE,IAAI,EAAE,YAAR;EAAsBC,KAAK,EAAE,mBAA7B;EAAkDC,SAAS,EAAEN;AAA7D,CAFqB,EAGrB;EAAEI,IAAI,EAAE,QAAR;EAAkBC,KAAK,EAAE,mBAAzB;EAA8CC,SAAS,EAAEL;AAAzD,CAHqB,EAIrB;EAAEG,IAAI,EAAE,YAAR;EAAsBC,KAAK,EAAE,mBAA7B;EAAkDC,SAAS,EAAEL;AAA7D,CAJqB,CAAvB;AAWA,WAAaM,qBAAb;EAAM,MAAOA,qBAAP,CAA4B;;;qBAArBA;EAAqB;;;UAArBA;;;cAHDR,YAAY,CAACS,QAAb,CAAsBL,MAAtB,GACAJ;;EAEZ,OAAaQ,qBAAb;AAAA",
      "names": [
        "RouterModule",
        "DetailComponent",
        "FormComponent",
        "ListComponent",
        "routes",
        "path",
        "title",
        "component",
        "SessionsRoutingModule",
        "forChild"
      ],
      "sourceRoot": "",
      "sources": [
        "/Users/nicolasoulikhanow/Library/Mobile Documents/com~apple~CloudDocs/Formations/OpenClassrooms/Formation dev java/Projet 5/Testez-une-application-full-stack/front/src/app/features/sessions/sessions-routing.module.ts"
      ],
      "sourcesContent": [
        "import { NgModule } from '@angular/core';\nimport { RouterModule, Routes } from '@angular/router';\nimport { DetailComponent } from './components/detail/detail.component';\nimport { FormComponent } from './components/form/form.component';\nimport { ListComponent } from './components/list/list.component';\n\nconst routes: Routes = [\n  { path: '', title: 'Sessions', component: ListComponent },\n  { path: 'detail/:id', title: 'Sessions - detail', component: DetailComponent },\n  { path: 'create', title: 'Sessions - create', component: FormComponent },\n  { path: 'update/:id', title: 'Sessions - update', component: FormComponent }\n];\n\n@NgModule({\n  imports: [RouterModule.forChild(routes)],\n  exports: [RouterModule]\n})\nexport class SessionsRoutingModule {\n}\n"
      ]
    },
    "_coverageSchema": "1a1c01bbd47fc00a2c39e90264f33305004495a9",
    "hash": "3b57ee19ad75e64a146343ecd2ddbd3cd58263de"
  },
  "/Users/nicolasoulikhanow/Library/Mobile Documents/com~apple~CloudDocs/Formations/OpenClassrooms/Formation dev java/Projet 5/Testez-une-application-full-stack/front/src/app/features/sessions/sessions.module.ts": {
    "path": "/Users/nicolasoulikhanow/Library/Mobile Documents/com~apple~CloudDocs/Formations/OpenClassrooms/Formation dev java/Projet 5/Testez-une-application-full-stack/front/src/app/features/sessions/sessions.module.ts",
    "statementMap": {
      "0": {
        "start": {
          "line": 14,
          "column": 0
        },
        "end": {
          "line": 14,
          "column": 29
        }
      },
      "1": {
        "start": {
          "line": 15,
          "column": 24
        },
        "end": {
          "line": 15,
          "column": 143
        }
      },
      "2": {
        "start": {
          "line": 16,
          "column": 41
        },
        "end": {
          "line": 30,
          "column": 4
        }
      },
      "3": {
        "start": {
          "line": 19,
          "column": 2
        },
        "end": {
          "line": 21,
          "column": 4
        }
      },
      "4": {
        "start": {
          "line": 20,
          "column": 4
        },
        "end": {
          "line": 20,
          "column": 39
        }
      },
      "5": {
        "start": {
          "line": 23,
          "column": 2
        },
        "end": {
          "line": 25,
          "column": 5
        }
      },
      "6": {
        "start": {
          "line": 26,
          "column": 2
        },
        "end": {
          "line": 28,
          "column": 5
        }
      },
      "7": {
        "start": {
          "line": 29,
          "column": 2
        },
        "end": {
          "line": 29,
          "column": 24
        }
      }
    },
    "fnMap": {
      "0": {
        "name": "(anonymous_0)",
        "decl": {
          "start": {
            "line": 16,
            "column": 42
          },
          "end": {
            "line": 16,
            "column": 43
          }
        },
        "loc": {
          "start": {
            "line": 16,
            "column": 48
          },
          "end": {
            "line": 30,
            "column": 1
          }
        },
        "line": 16
      },
      "1": {
        "name": "SessionsModule_Factory",
        "decl": {
          "start": {
            "line": 19,
            "column": 33
          },
          "end": {
            "line": 19,
            "column": 55
          }
        },
        "loc": {
          "start": {
            "line": 19,
            "column": 59
          },
          "end": {
            "line": 21,
            "column": 3
          }
        },
        "line": 19
      }
    },
    "branchMap": {
      "0": {
        "loc": {
          "start": {
            "line": 20,
            "column": 16
          },
          "end": {
            "line": 20,
            "column": 35
          }
        },
        "type": "binary-expr",
        "locations": [
          {
            "start": {
              "line": 20,
              "column": 16
            },
            "end": {
              "line": 20,
              "column": 17
            }
          },
          {
            "start": {
              "line": 20,
              "column": 21
            },
            "end": {
              "line": 20,
              "column": 35
            }
          }
        ],
        "line": 20
      }
    },
    "s": {
      "0": 20,
      "1": 20,
      "2": 20,
      "3": 20,
      "4": 20,
      "5": 20,
      "6": 20,
      "7": 20
    },
    "f": {
      "0": 20,
      "1": 20
    },
    "b": {
      "0": [
        20,
        20
      ]
    },
    "inputSourceMap": {
      "version": 3,
      "mappings": "AACA,SAASA,YAAT,EAAuBC,kBAAvB,QAAiD,iBAAjD;AACA,SAASC,gBAAT,QAAiC,sBAAjC;AACA,SAASC,mBAAT,QAAoC,gBAApC;AACA,SAASC,eAAT,QAAgC,0BAAhC;AACA,SAASC,aAAT,QAA8B,wBAA9B;AACA,SAASC,kBAAT,QAAmC,8BAAnC;AACA,SAASC,aAAT,QAA8B,wBAA9B;AACA,SAASC,cAAT,QAA+B,yBAA/B;AACA,SAASC,eAAT,QAAgC,0BAAhC;AACA,SAASC,iBAAT,QAAkC,6BAAlC;AAIA,SAASC,qBAAT,QAAsC,2BAAtC;AACA,OAAOC,QAAP,MAAqB,4BAArB;;AACAX,kBAAkB,CAACW,QAAD,CAAlB;AAEA,MAAMC,eAAe,GAAG,CACtBT,eADsB,EAEtBC,aAFsB,EAGtBC,kBAHsB,EAItBC,aAJsB,EAKtBC,cALsB,EAMtBE,iBANsB,EAOtBD,eAPsB,CAAxB;AAwBA,WAAaK,cAAb;EAAM,MAAOA,cAAP,CAAqB;;;qBAAdA;EAAc;;;UAAdA;;;cAPTd,cACAE,kBACAC,qBACAQ,uBACGE;;EAGP,OAAaC,cAAb;AAAA",
      "names": [
        "CommonModule",
        "registerLocaleData",
        "FlexLayoutModule",
        "ReactiveFormsModule",
        "MatButtonModule",
        "MatCardModule",
        "MatFormFieldModule",
        "MatIconModule",
        "MatInputModule",
        "MatSelectModule",
        "MatSnackBarModule",
        "SessionsRoutingModule",
        "localeFr",
        "materialModules",
        "SessionsModule"
      ],
      "sourceRoot": "",
      "sources": [
        "/Users/nicolasoulikhanow/Library/Mobile Documents/com~apple~CloudDocs/Formations/OpenClassrooms/Formation dev java/Projet 5/Testez-une-application-full-stack/front/src/app/features/sessions/sessions.module.ts"
      ],
      "sourcesContent": [
        "import { NgModule } from '@angular/core';\nimport { CommonModule, registerLocaleData } from '@angular/common';\nimport { FlexLayoutModule } from '@angular/flex-layout';\nimport { ReactiveFormsModule } from '@angular/forms';\nimport { MatButtonModule } from '@angular/material/button';\nimport { MatCardModule } from '@angular/material/card';\nimport { MatFormFieldModule } from '@angular/material/form-field';\nimport { MatIconModule } from '@angular/material/icon';\nimport { MatInputModule } from '@angular/material/input';\nimport { MatSelectModule } from '@angular/material/select';\nimport { MatSnackBarModule } from '@angular/material/snack-bar';\nimport { ListComponent } from './components/list/list.component';\nimport { FormComponent } from './components/form/form.component';\nimport { DetailComponent } from './components/detail/detail.component';\nimport { SessionsRoutingModule } from './sessions-routing.module';\nimport localeFr from '@angular/common/locales/fr';\nregisterLocaleData(localeFr);\n\nconst materialModules = [\n  MatButtonModule,\n  MatCardModule,\n  MatFormFieldModule,\n  MatIconModule,\n  MatInputModule,\n  MatSnackBarModule,\n  MatSelectModule\n];\n\n@NgModule({\n  declarations: [\n    ListComponent,\n    FormComponent,\n    DetailComponent\n  ],\n  imports: [\n    CommonModule,\n    FlexLayoutModule,\n    ReactiveFormsModule,\n    SessionsRoutingModule,\n    ...materialModules\n  ]\n})\nexport class SessionsModule { }\n"
      ]
    },
    "_coverageSchema": "1a1c01bbd47fc00a2c39e90264f33305004495a9",
    "hash": "942c3699393e86d213359cf3eaed59c1465bd78b"
  }
}